Determining if the function log2 exists failed with the following output:
Change Dir: /tmp/brotli/vendor/github.com/google/brotli/dist/CMakeFiles/CMakeTmp

Run Build Command:"/usr/bin/make" "cmTC_54f73/fast"
/usr/bin/make -f CMakeFiles/cmTC_54f73.dir/build.make CMakeFiles/cmTC_54f73.dir/build
make[1]: Entering directory '/tmp/brotli/vendor/github.com/google/brotli/dist/CMakeFiles/CMakeTmp'
Building C object CMakeFiles/cmTC_54f73.dir/CheckFunctionExists.c.o
/usr/bin/cc   -DCHECK_FUNCTION_EXISTS=log2   -o CMakeFiles/cmTC_54f73.dir/CheckFunctionExists.c.o   -c /usr/share/cmake-3.10/Modules/CheckFunctionExists.c
<command-line>:0:23: warning: conflicting types for built-in function ‘log2’ [-Wbuiltin-declaration-mismatch]
/usr/share/cmake-3.10/Modules/CheckFunctionExists.c:7:3: note: in expansion of macro ‘CHECK_FUNCTION_EXISTS’
   CHECK_FUNCTION_EXISTS(void);
   ^~~~~~~~~~~~~~~~~~~~~
Linking C executable cmTC_54f73
/usr/bin/cmake -E cmake_link_script CMakeFiles/cmTC_54f73.dir/link.txt --verbose=1
/usr/bin/cc  -DCHECK_FUNCTION_EXISTS=log2    -rdynamic CMakeFiles/cmTC_54f73.dir/CheckFunctionExists.c.o  -o cmTC_54f73 
CMakeFiles/cmTC_54f73.dir/CheckFunctionExists.c.o: In function `main':
CheckFunctionExists.c:(.text+0x10): undefined reference to `log2'
collect2: error: ld returned 1 exit status
CMakeFiles/cmTC_54f73.dir/build.make:97: recipe for target 'cmTC_54f73' failed
make[1]: *** [cmTC_54f73] Error 1
make[1]: Leaving directory '/tmp/brotli/vendor/github.com/google/brotli/dist/CMakeFiles/CMakeTmp'
Makefile:126: recipe for target 'cmTC_54f73/fast' failed
make: *** [cmTC_54f73/fast] Error 2


